# JRE version: OpenJDK Runtime Environment (11.0.10) (build 11.0.10+0-b96-7249189)
# Java VM: OpenJDK 64-Bit Server VM (11.0.10+0-b96-7249189, mixed mode, tiered, compressed oops, g1 gc, linux-amd64)
Heap:
 garbage-first heap   total 574464K, used 363520K [0x0000000080000000, 0x0000000100000000)
  region size 1024K, 81 young (82944K), 22 survivors (22528K)
 Metaspace       used 166323K, capacity 170427K, committed 194456K, reserved 1218560K
  class space    used 20742K, capacity 22298K, committed 25804K, reserved 1048576K
GC Heap History (20 events):
Event: 8670.897 GC heap before
{Heap before GC invocations=75 (full 0):
 garbage-first heap   total 402432K, used 311652K [0x0000000080000000, 0x0000000100000000)
  region size 1024K, 88 young (90112K), 3 survivors (3072K)
 Metaspace       used 177607K, capacity 181259K, committed 182808K, reserved 1208320K
  class space    used 22448K, capacity 23831K, committed 23884K, reserved 1048576K
}
Event: 8670.921 GC heap after
{Heap after GC invocations=76 (full 0):
 garbage-first heap   total 402432K, used 229310K [0x0000000080000000, 0x0000000100000000)
  region size 1024K, 8 young (8192K), 8 survivors (8192K)
 Metaspace       used 177607K, capacity 181259K, committed 182808K, reserved 1208320K
  class space    used 22448K, capacity 23831K, committed 23884K, reserved 1048576K
}
Event: 8671.628 GC heap before
{Heap before GC invocations=77 (full 0):
 garbage-first heap   total 402432K, used 321470K [0x0000000080000000, 0x0000000100000000)
  region size 1024K, 94 young (96256K), 8 survivors (8192K)
 Metaspace       used 180124K, capacity 183933K, committed 185112K, reserved 1210368K
  class space    used 22803K, capacity 24293K, committed 24396K, reserved 1048576K
}
Event: 8671.654 GC heap after
{Heap after GC invocations=78 (full 0):
 garbage-first heap   total 488448K, used 230424K [0x0000000080000000, 0x0000000100000000)
  region size 1024K, 7 young (7168K), 7 survivors (7168K)
 Metaspace       used 180124K, capacity 183933K, committed 185112K, reserved 1210368K
  class space    used 22803K, capacity 24293K, committed 24396K, reserved 1048576K
}
Event: 8671.705 GC heap before
{Heap before GC invocations=78 (full 0):
 garbage-first heap   total 488448K, used 246808K [0x0000000080000000, 0x0000000100000000)
  region size 1024K, 23 young (23552K), 7 survivors (7168K)
 Metaspace       used 180195K, capacity 183962K, committed 185112K, reserved 1210368K
  class space    used 22814K, capacity 24302K, committed 24396K, reserved 1048576K
}
Event: 8671.734 GC heap after
{Heap after GC invocations=79 (full 0):
 garbage-first heap   total 488448K, used 231690K [0x0000000080000000, 0x0000000100000000)
  region size 1024K, 2 young (2048K), 2 survivors (2048K)
 Metaspace       used 180195K, capacity 183962K, committed 185112K, reserved 1210368K
  class space    used 22814K, capacity 24302K, committed 24396K, reserved 1048576K
}
Event: 8672.549 GC heap before
{Heap before GC invocations=79 (full 0):
 garbage-first heap   total 488448K, used 361738K [0x0000000080000000, 0x0000000100000000)
  region size 1024K, 129 young (132096K), 2 survivors (2048K)
 Metaspace       used 184709K, capacity 188649K, committed 189848K, reserved 1214464K
  class space    used 23449K, capacity 24975K, committed 25036K, reserved 1048576K
}
Event: 8672.567 GC heap after
{Heap after GC invocations=80 (full 0):
 garbage-first heap   total 488448K, used 240602K [0x0000000080000000, 0x0000000100000000)
  region size 1024K, 10 young (10240K), 10 survivors (10240K)
 Metaspace       used 184709K, capacity 188649K, committed 189848K, reserved 1214464K
  class space    used 23449K, capacity 24975K, committed 25036K, reserved 1048576K
}
Event: 8673.399 GC heap before
{Heap before GC invocations=81 (full 0):
 garbage-first heap   total 488448K, used 377818K [0x0000000080000000, 0x0000000100000000)
  region size 1024K, 145 young (148480K), 10 survivors (10240K)
 Metaspace       used 187830K, capacity 191862K, committed 192920K, reserved 1216512K
  class space    used 23902K, capacity 25462K, committed 25548K, reserved 1048576K
}
Event: 8673.423 GC heap after
{Heap after GC invocations=82 (full 0):
 garbage-first heap   total 488448K, used 246955K [0x0000000080000000, 0x0000000100000000)
  region size 1024K, 16 young (16384K), 16 survivors (16384K)
 Metaspace       used 187830K, capacity 191862K, committed 192920K, reserved 1216512K
  class space    used 23902K, capacity 25462K, committed 25548K, reserved 1048576K
}
Event: 8673.438 GC heap before
{Heap before GC invocations=82 (full 0):
 garbage-first heap   total 488448K, used 254123K [0x0000000080000000, 0x0000000100000000)
  region size 1024K, 23 young (23552K), 16 survivors (16384K)
 Metaspace       used 187832K, capacity 191862K, committed 192920K, reserved 1216512K
  class space    used 23902K, capacity 25462K, committed 25548K, reserved 1048576K
}
Event: 8673.457 GC heap after
{Heap after GC invocations=83 (full 0):
 garbage-first heap   total 574464K, used 246262K [0x0000000080000000, 0x0000000100000000)
  region size 1024K, 3 young (3072K), 3 survivors (3072K)
 Metaspace       used 187832K, capacity 191862K, committed 192920K, reserved 1216512K
  class space    used 23902K, capacity 25462K, committed 25548K, reserved 1048576K
}
Event: 9162.536 GC heap before
{Heap before GC invocations=83 (full 0):
 garbage-first heap   total 574464K, used 424438K [0x0000000080000000, 0x0000000100000000)
  region size 1024K, 178 young (182272K), 3 survivors (3072K)
 Metaspace       used 189358K, capacity 193678K, committed 194200K, reserved 1218560K
  class space    used 24065K, capacity 25705K, committed 25804K, reserved 1048576K
}
Event: 9162.550 GC heap after
{Heap after GC invocations=84 (full 0):
 garbage-first heap   total 574464K, used 255165K [0x0000000080000000, 0x0000000100000000)
  region size 1024K, 12 young (12288K), 12 survivors (12288K)
 Metaspace       used 189358K, capacity 193678K, committed 194200K, reserved 1218560K
  class space    used 24065K, capacity 25705K, committed 25804K, reserved 1048576K
}
Event: 11447.646 GC heap before
{Heap before GC invocations=85 (full 0):
 garbage-first heap   total 574464K, used 464061K [0x0000000080000000, 0x0000000100000000)
  region size 1024K, 195 young (199680K), 12 survivors (12288K)
 Metaspace       used 163172K, capacity 167252K, committed 194456K, reserved 1218560K
  class space    used 20415K, capacity 21953K, committed 25804K, reserved 1048576K
}
Event: 11447.695 GC heap after
{Heap after GC invocations=86 (full 0):
 garbage-first heap   total 574464K, used 283224K [0x0000000080000000, 0x0000000100000000)
  region size 1024K, 25 young (25600K), 25 survivors (25600K)
 Metaspace       used 163172K, capacity 167252K, committed 194456K, reserved 1218560K
  class space    used 20415K, capacity 21953K, committed 25804K, reserved 1048576K
}
Event: 11447.711 GC heap before
{Heap before GC invocations=86 (full 0):
 garbage-first heap   total 574464K, used 286296K [0x0000000080000000, 0x0000000100000000)
  region size 1024K, 28 young (28672K), 25 survivors (25600K)
 Metaspace       used 163193K, capacity 167316K, committed 194456K, reserved 1218560K
  class space    used 20415K, capacity 21953K, committed 25804K, reserved 1048576K
}
Event: 11447.776 GC heap after
{Heap after GC invocations=87 (full 0):
 garbage-first heap   total 574464K, used 278715K [0x0000000080000000, 0x0000000100000000)
  region size 1024K, 3 young (3072K), 3 survivors (3072K)
 Metaspace       used 163193K, capacity 167316K, committed 194456K, reserved 1218560K
  class space    used 20415K, capacity 21953K, committed 25804K, reserved 1048576K
}
Event: 11448.531 GC heap before
{Heap before GC invocations=87 (full 0):
 garbage-first heap   total 574464K, used 414907K [0x0000000080000000, 0x0000000100000000)
  region size 1024K, 137 young (140288K), 3 survivors (3072K)
 Metaspace       used 163744K, capacity 167826K, committed 194456K, reserved 1218560K
  class space    used 20423K, capacity 21966K, committed 25804K, reserved 1048576K
}
Event: 11448.599 GC heap after
{Heap after GC invocations=88 (full 0):
 garbage-first heap   total 574464K, used 303104K [0x0000000080000000, 0x0000000100000000)
  region size 1024K, 22 young (22528K), 22 survivors (22528K)
 Metaspace       used 163744K, capacity 167826K, committed 194456K, reserved 1218560K
  class space    used 20423K, capacity 21966K, committed 25804K, reserved 1048576K
}

